<?xml version="1.0" encoding="UTF-8"?>
<coverage generated="1522776384108" clover="3.2.0">
  <project timestamp="1522776384108" name="All files">
    <metrics statements="107" coveredstatements="39" conditionals="23" coveredconditionals="21" methods="58" coveredmethods="10" elements="188" coveredelements="70" complexity="0" loc="107" ncloc="107" packages="4" files="7" classes="7">
      <package name="actions">
        <metrics statements="56" coveredstatements="9" conditionals="0" coveredconditionals="0" methods="36" coveredmethods="4"/>
        <file name="index.js" path="C:\Study\FrontCamp\blogApp\blogApp\FrontCamp.blogApp.client\src\actions\index.js">
          <metrics statements="56" coveredstatements="9" conditionals="0" coveredconditionals="0" methods="36" coveredmethods="4"/>
          <line num="4" count="1" type="stmt"/>
          <line num="5" count="0" type="stmt"/>
          <line num="6" count="0" type="stmt"/>
          <line num="7" count="0" type="stmt"/>
          <line num="10" count="0" type="stmt"/>
          <line num="11" count="0" type="stmt"/>
          <line num="14" count="0" type="stmt"/>
          <line num="15" count="0" type="stmt"/>
          <line num="20" count="0" type="stmt"/>
          <line num="21" count="0" type="stmt"/>
          <line num="24" count="1" type="stmt"/>
          <line num="25" count="0" type="stmt"/>
          <line num="26" count="0" type="stmt"/>
          <line num="27" count="0" type="stmt"/>
          <line num="30" count="0" type="stmt"/>
          <line num="31" count="0" type="stmt"/>
          <line num="34" count="0" type="stmt"/>
          <line num="35" count="0" type="stmt"/>
          <line num="40" count="0" type="stmt"/>
          <line num="41" count="0" type="stmt"/>
          <line num="44" count="1" type="stmt"/>
          <line num="45" count="0" type="stmt"/>
          <line num="46" count="0" type="stmt"/>
          <line num="47" count="0" type="stmt"/>
          <line num="50" count="0" type="stmt"/>
          <line num="51" count="0" type="stmt"/>
          <line num="54" count="0" type="stmt"/>
          <line num="55" count="0" type="stmt"/>
          <line num="60" count="0" type="stmt"/>
          <line num="61" count="0" type="stmt"/>
          <line num="64" count="1" type="stmt"/>
          <line num="65" count="0" type="stmt"/>
          <line num="66" count="0" type="stmt"/>
          <line num="67" count="0" type="stmt"/>
          <line num="70" count="0" type="stmt"/>
          <line num="71" count="0" type="stmt"/>
          <line num="74" count="0" type="stmt"/>
          <line num="75" count="0" type="stmt"/>
          <line num="79" count="0" type="stmt"/>
          <line num="80" count="0" type="stmt"/>
          <line num="81" count="0" type="stmt"/>
          <line num="85" count="1" type="stmt"/>
          <line num="86" count="0" type="stmt"/>
          <line num="87" count="0" type="stmt"/>
          <line num="88" count="0" type="stmt"/>
          <line num="91" count="0" type="stmt"/>
          <line num="92" count="0" type="stmt"/>
          <line num="95" count="0" type="stmt"/>
          <line num="96" count="0" type="stmt"/>
          <line num="101" count="0" type="stmt"/>
          <line num="102" count="0" type="stmt"/>
          <line num="103" count="0" type="stmt"/>
          <line num="106" count="1" type="stmt"/>
          <line num="108" count="1" type="stmt"/>
          <line num="110" count="1" type="stmt"/>
          <line num="111" count="1" type="stmt"/>
        </file>
      </package>
      <package name="components">
        <metrics statements="2" coveredstatements="2" conditionals="0" coveredconditionals="0" methods="1" coveredmethods="1"/>
        <file name="Spinner.jsx" path="C:\Study\FrontCamp\blogApp\blogApp\FrontCamp.blogApp.client\src\components\Spinner.jsx">
          <metrics statements="2" coveredstatements="2" conditionals="0" coveredconditionals="0" methods="1" coveredmethods="1"/>
          <line num="3" count="1" type="stmt"/>
          <line num="4" count="1" type="stmt"/>
        </file>
      </package>
      <package name="reducers">
        <metrics statements="26" coveredstatements="26" conditionals="21" coveredconditionals="21" methods="5" coveredmethods="5"/>
        <file name="fetch.js" path="C:\Study\FrontCamp\blogApp\blogApp\FrontCamp.blogApp.client\src\reducers\fetch.js">
          <metrics statements="5" coveredstatements="5" conditionals="4" coveredconditionals="4" methods="1" coveredmethods="1"/>
          <line num="1" count="1" type="cond" truecount="1" falsecount="0"/>
          <line num="2" count="3" type="cond" truecount="3" falsecount="0"/>
          <line num="4" count="1" type="stmt"/>
          <line num="6" count="1" type="stmt"/>
          <line num="8" count="1" type="stmt"/>
        </file>
        <file name="filter.js" path="C:\Study\FrontCamp\blogApp\blogApp\FrontCamp.blogApp.client\src\reducers\filter.js">
          <metrics statements="4" coveredstatements="4" conditionals="3" coveredconditionals="3" methods="1" coveredmethods="1"/>
          <line num="1" count="1" type="cond" truecount="1" falsecount="0"/>
          <line num="2" count="2" type="cond" truecount="2" falsecount="0"/>
          <line num="4" count="1" type="stmt"/>
          <line num="6" count="1" type="stmt"/>
        </file>
        <file name="posts.js" path="C:\Study\FrontCamp\blogApp\blogApp\FrontCamp.blogApp.client\src\reducers\posts.js">
          <metrics statements="7" coveredstatements="7" conditionals="5" coveredconditionals="5" methods="2" coveredmethods="2"/>
          <line num="1" count="1" type="cond" truecount="1" falsecount="0"/>
          <line num="2" count="4" type="cond" truecount="4" falsecount="0"/>
          <line num="4" count="1" type="stmt"/>
          <line num="5" count="1" type="stmt"/>
          <line num="11" count="1" type="stmt"/>
          <line num="15" count="2" type="stmt"/>
          <line num="17" count="1" type="stmt"/>
        </file>
        <file name="user.js" path="C:\Study\FrontCamp\blogApp\blogApp\FrontCamp.blogApp.client\src\reducers\user.js">
          <metrics statements="10" coveredstatements="10" conditionals="9" coveredconditionals="9" methods="1" coveredmethods="1"/>
          <line num="1" count="1" type="cond" truecount="1" falsecount="0"/>
          <line num="2" count="8" type="cond" truecount="8" falsecount="0"/>
          <line num="4" count="1" type="stmt"/>
          <line num="8" count="1" type="stmt"/>
          <line num="14" count="1" type="stmt"/>
          <line num="20" count="1" type="stmt"/>
          <line num="24" count="1" type="stmt"/>
          <line num="31" count="1" type="stmt"/>
          <line num="37" count="1" type="stmt"/>
          <line num="43" count="1" type="stmt"/>
        </file>
      </package>
      <package name="services">
        <metrics statements="23" coveredstatements="2" conditionals="2" coveredconditionals="0" methods="16" coveredmethods="0"/>
        <file name="apiService.js" path="C:\Study\FrontCamp\blogApp\blogApp\FrontCamp.blogApp.client\src\services\apiService.js">
          <metrics statements="23" coveredstatements="2" conditionals="2" coveredconditionals="0" methods="16" coveredmethods="0"/>
          <line num="3" count="1" type="stmt"/>
          <line num="5" count="0" type="stmt"/>
          <line num="7" count="0" type="stmt"/>
          <line num="12" count="1" type="stmt"/>
          <line num="16" count="0" type="stmt"/>
          <line num="23" count="0" type="stmt"/>
          <line num="25" count="0" type="stmt"/>
          <line num="30" count="0" type="stmt"/>
          <line num="32" count="0" type="stmt"/>
          <line num="34" count="0" type="stmt"/>
          <line num="39" count="0" type="stmt"/>
          <line num="49" count="0" type="stmt"/>
          <line num="54" count="0" type="stmt"/>
          <line num="61" count="0" type="stmt"/>
          <line num="62" count="0" type="stmt"/>
          <line num="67" count="0" type="stmt"/>
          <line num="74" count="0" type="stmt"/>
          <line num="75" count="0" type="stmt"/>
          <line num="80" count="0" type="stmt"/>
          <line num="87" count="0" type="stmt"/>
          <line num="88" count="0" type="stmt"/>
          <line num="93" count="0" type="cond" truecount="0" falsecount="2"/>
          <line num="94" count="0" type="stmt"/>
        </file>
      </package>
    </metrics>
  </project>
</coverage>
