{"D:\\work\\study\\FrontCamp\\blogApp\\blogApp\\FrontCamp.blogApp.client\\src\\reducers\\posts.js": {"path":"D:\\work\\study\\FrontCamp\\blogApp\\blogApp\\FrontCamp.blogApp.client\\src\\reducers\\posts.js","statementMap":{"0":{"start":{"line":1,"column":14},"end":{"line":19,"column":1}},"1":{"start":{"line":2,"column":2},"end":{"line":18,"column":3}},"2":{"start":{"line":4,"column":6},"end":{"line":4,"column":33}},"3":{"start":{"line":5,"column":6},"end":{"line":8,"column":8}},"4":{"start":{"line":11,"column":4},"end":{"line":13,"column":6}},"5":{"start":{"line":15,"column":6},"end":{"line":15,"column":56}},"6":{"start":{"line":15,"column":31},"end":{"line":15,"column":54}},"7":{"start":{"line":17,"column":6},"end":{"line":17,"column":19}}},"fnMap":{"0":{"name":"(anonymous_0)","decl":{"start":{"line":1,"column":14},"end":{"line":1,"column":15}},"loc":{"start":{"line":1,"column":38},"end":{"line":19,"column":1}},"line":1},"1":{"name":"(anonymous_1)","decl":{"start":{"line":15,"column":26},"end":{"line":15,"column":27}},"loc":{"start":{"line":15,"column":31},"end":{"line":15,"column":54}},"line":15}},"branchMap":{"0":{"loc":{"start":{"line":1,"column":15},"end":{"line":1,"column":25}},"type":"default-arg","locations":[{"start":{"line":1,"column":23},"end":{"line":1,"column":25}}],"line":1},"1":{"loc":{"start":{"line":2,"column":2},"end":{"line":18,"column":3}},"type":"switch","locations":[{"start":{"line":3,"column":4},"end":{"line":9,"column":5}},{"start":{"line":10,"column":4},"end":{"line":13,"column":6}},{"start":{"line":14,"column":4},"end":{"line":15,"column":56}},{"start":{"line":16,"column":4},"end":{"line":17,"column":19}}],"line":2}},"s":{"0":1,"1":4,"2":1,"3":1,"4":1,"5":1,"6":2,"7":1},"f":{"0":4,"1":2},"b":{"0":[2],"1":[1,1,1,1]},"_coverageSchema":"332fd63041d2c1bcb487cc26dd0d5f7d97098a6c","hash":"035a57b8324a8f1239b718b4cdbfa74cb2d8d28c"}
}
