{"C:\\Study\\FrontCamp\\blogApp\\blogApp\\FrontCamp.blogApp.client\\src\\actions\\index.js": {"path":"C:\\Study\\FrontCamp\\blogApp\\blogApp\\FrontCamp.blogApp.client\\src\\actions\\index.js","statementMap":{"0":{"start":{"line":4,"column":23},"end":{"line":22,"column":1}},"1":{"start":{"line":5,"column":2},"end":{"line":18,"column":4}},"2":{"start":{"line":6,"column":4},"end":{"line":6,"column":29}},"3":{"start":{"line":7,"column":4},"end":{"line":17,"column":8}},"4":{"start":{"line":10,"column":10},"end":{"line":10,"column":34}},"5":{"start":{"line":11,"column":10},"end":{"line":11,"column":33}},"6":{"start":{"line":14,"column":10},"end":{"line":14,"column":35}},"7":{"start":{"line":15,"column":10},"end":{"line":15,"column":33}},"8":{"start":{"line":20,"column":27},"end":{"line":20,"column":60}},"9":{"start":{"line":21,"column":28},"end":{"line":21,"column":70}},"10":{"start":{"line":24,"column":24},"end":{"line":42,"column":1}},"11":{"start":{"line":25,"column":2},"end":{"line":38,"column":4}},"12":{"start":{"line":26,"column":4},"end":{"line":26,"column":29}},"13":{"start":{"line":27,"column":4},"end":{"line":37,"column":8}},"14":{"start":{"line":30,"column":10},"end":{"line":30,"column":35}},"15":{"start":{"line":31,"column":10},"end":{"line":31,"column":33}},"16":{"start":{"line":34,"column":10},"end":{"line":34,"column":35}},"17":{"start":{"line":35,"column":10},"end":{"line":35,"column":33}},"18":{"start":{"line":40,"column":28},"end":{"line":40,"column":63}},"19":{"start":{"line":41,"column":28},"end":{"line":41,"column":71}},"20":{"start":{"line":44,"column":26},"end":{"line":62,"column":1}},"21":{"start":{"line":45,"column":2},"end":{"line":58,"column":4}},"22":{"start":{"line":46,"column":4},"end":{"line":46,"column":29}},"23":{"start":{"line":47,"column":4},"end":{"line":57,"column":8}},"24":{"start":{"line":50,"column":10},"end":{"line":50,"column":36}},"25":{"start":{"line":51,"column":10},"end":{"line":51,"column":33}},"26":{"start":{"line":54,"column":10},"end":{"line":54,"column":35}},"27":{"start":{"line":55,"column":10},"end":{"line":55,"column":33}},"28":{"start":{"line":60,"column":29},"end":{"line":60,"column":67}},"29":{"start":{"line":61,"column":28},"end":{"line":61,"column":73}},"30":{"start":{"line":64,"column":24},"end":{"line":83,"column":1}},"31":{"start":{"line":65,"column":2},"end":{"line":82,"column":4}},"32":{"start":{"line":66,"column":4},"end":{"line":66,"column":29}},"33":{"start":{"line":67,"column":4},"end":{"line":77,"column":8}},"34":{"start":{"line":70,"column":10},"end":{"line":70,"column":34}},"35":{"start":{"line":71,"column":10},"end":{"line":71,"column":33}},"36":{"start":{"line":74,"column":10},"end":{"line":74,"column":35}},"37":{"start":{"line":75,"column":10},"end":{"line":75,"column":33}},"38":{"start":{"line":79,"column":29},"end":{"line":79,"column":75}},"39":{"start":{"line":80,"column":29},"end":{"line":80,"column":75}},"40":{"start":{"line":81,"column":30},"end":{"line":81,"column":77}},"41":{"start":{"line":85,"column":21},"end":{"line":104,"column":1}},"42":{"start":{"line":86,"column":2},"end":{"line":99,"column":4}},"43":{"start":{"line":87,"column":4},"end":{"line":87,"column":29}},"44":{"start":{"line":88,"column":4},"end":{"line":98,"column":8}},"45":{"start":{"line":91,"column":10},"end":{"line":91,"column":34}},"46":{"start":{"line":92,"column":10},"end":{"line":92,"column":33}},"47":{"start":{"line":95,"column":10},"end":{"line":95,"column":35}},"48":{"start":{"line":96,"column":10},"end":{"line":96,"column":33}},"49":{"start":{"line":101,"column":27},"end":{"line":101,"column":70}},"50":{"start":{"line":102,"column":27},"end":{"line":102,"column":70}},"51":{"start":{"line":103,"column":28},"end":{"line":103,"column":72}},"52":{"start":{"line":106,"column":22},"end":{"line":106,"column":51}},"53":{"start":{"line":106,"column":29},"end":{"line":106,"column":50}},"54":{"start":{"line":108,"column":25},"end":{"line":108,"column":72}},"55":{"start":{"line":108,"column":36},"end":{"line":108,"column":71}},"56":{"start":{"line":110,"column":28},"end":{"line":110,"column":59}},"57":{"start":{"line":110,"column":35},"end":{"line":110,"column":58}},"58":{"start":{"line":111,"column":26},"end":{"line":111,"column":55}},"59":{"start":{"line":111,"column":33},"end":{"line":111,"column":54}}},"fnMap":{"0":{"name":"(anonymous_0)","decl":{"start":{"line":4,"column":23},"end":{"line":4,"column":24}},"loc":{"start":{"line":4,"column":40},"end":{"line":22,"column":1}},"line":4},"1":{"name":"(anonymous_1)","decl":{"start":{"line":5,"column":9},"end":{"line":5,"column":10}},"loc":{"start":{"line":5,"column":21},"end":{"line":18,"column":3}},"line":5},"2":{"name":"(anonymous_2)","decl":{"start":{"line":9,"column":8},"end":{"line":9,"column":9}},"loc":{"start":{"line":9,"column":16},"end":{"line":12,"column":9}},"line":9},"3":{"name":"(anonymous_3)","decl":{"start":{"line":13,"column":8},"end":{"line":13,"column":9}},"loc":{"start":{"line":13,"column":17},"end":{"line":16,"column":9}},"line":13},"4":{"name":"success","decl":{"start":{"line":20,"column":11},"end":{"line":20,"column":18}},"loc":{"start":{"line":20,"column":25},"end":{"line":20,"column":62}},"line":20},"5":{"name":"failure","decl":{"start":{"line":21,"column":11},"end":{"line":21,"column":18}},"loc":{"start":{"line":21,"column":26},"end":{"line":21,"column":72}},"line":21},"6":{"name":"(anonymous_6)","decl":{"start":{"line":24,"column":24},"end":{"line":24,"column":25}},"loc":{"start":{"line":24,"column":35},"end":{"line":42,"column":1}},"line":24},"7":{"name":"(anonymous_7)","decl":{"start":{"line":25,"column":9},"end":{"line":25,"column":10}},"loc":{"start":{"line":25,"column":21},"end":{"line":38,"column":3}},"line":25},"8":{"name":"(anonymous_8)","decl":{"start":{"line":29,"column":8},"end":{"line":29,"column":9}},"loc":{"start":{"line":29,"column":17},"end":{"line":32,"column":9}},"line":29},"9":{"name":"(anonymous_9)","decl":{"start":{"line":33,"column":8},"end":{"line":33,"column":9}},"loc":{"start":{"line":33,"column":17},"end":{"line":36,"column":9}},"line":33},"10":{"name":"success","decl":{"start":{"line":40,"column":11},"end":{"line":40,"column":18}},"loc":{"start":{"line":40,"column":26},"end":{"line":40,"column":65}},"line":40},"11":{"name":"failure","decl":{"start":{"line":41,"column":11},"end":{"line":41,"column":18}},"loc":{"start":{"line":41,"column":26},"end":{"line":41,"column":73}},"line":41},"12":{"name":"(anonymous_12)","decl":{"start":{"line":44,"column":26},"end":{"line":44,"column":27}},"loc":{"start":{"line":44,"column":45},"end":{"line":62,"column":1}},"line":44},"13":{"name":"(anonymous_13)","decl":{"start":{"line":45,"column":9},"end":{"line":45,"column":10}},"loc":{"start":{"line":45,"column":21},"end":{"line":58,"column":3}},"line":45},"14":{"name":"(anonymous_14)","decl":{"start":{"line":49,"column":8},"end":{"line":49,"column":9}},"loc":{"start":{"line":49,"column":14},"end":{"line":52,"column":9}},"line":49},"15":{"name":"(anonymous_15)","decl":{"start":{"line":53,"column":8},"end":{"line":53,"column":9}},"loc":{"start":{"line":53,"column":17},"end":{"line":56,"column":9}},"line":53},"16":{"name":"success","decl":{"start":{"line":60,"column":11},"end":{"line":60,"column":18}},"loc":{"start":{"line":60,"column":27},"end":{"line":60,"column":69}},"line":60},"17":{"name":"failure","decl":{"start":{"line":61,"column":11},"end":{"line":61,"column":18}},"loc":{"start":{"line":61,"column":26},"end":{"line":61,"column":75}},"line":61},"18":{"name":"(anonymous_18)","decl":{"start":{"line":64,"column":24},"end":{"line":64,"column":25}},"loc":{"start":{"line":64,"column":32},"end":{"line":83,"column":1}},"line":64},"19":{"name":"(anonymous_19)","decl":{"start":{"line":65,"column":9},"end":{"line":65,"column":10}},"loc":{"start":{"line":65,"column":21},"end":{"line":82,"column":3}},"line":65},"20":{"name":"(anonymous_20)","decl":{"start":{"line":69,"column":8},"end":{"line":69,"column":9}},"loc":{"start":{"line":69,"column":16},"end":{"line":72,"column":9}},"line":69},"21":{"name":"(anonymous_21)","decl":{"start":{"line":73,"column":8},"end":{"line":73,"column":9}},"loc":{"start":{"line":73,"column":17},"end":{"line":76,"column":9}},"line":73},"22":{"name":"request","decl":{"start":{"line":79,"column":13},"end":{"line":79,"column":20}},"loc":{"start":{"line":79,"column":27},"end":{"line":79,"column":77}},"line":79},"23":{"name":"success","decl":{"start":{"line":80,"column":13},"end":{"line":80,"column":20}},"loc":{"start":{"line":80,"column":27},"end":{"line":80,"column":77}},"line":80},"24":{"name":"failure","decl":{"start":{"line":81,"column":13},"end":{"line":81,"column":20}},"loc":{"start":{"line":81,"column":28},"end":{"line":81,"column":79}},"line":81},"25":{"name":"(anonymous_25)","decl":{"start":{"line":85,"column":21},"end":{"line":85,"column":22}},"loc":{"start":{"line":85,"column":29},"end":{"line":104,"column":1}},"line":85},"26":{"name":"(anonymous_26)","decl":{"start":{"line":86,"column":9},"end":{"line":86,"column":10}},"loc":{"start":{"line":86,"column":21},"end":{"line":99,"column":3}},"line":86},"27":{"name":"(anonymous_27)","decl":{"start":{"line":90,"column":8},"end":{"line":90,"column":9}},"loc":{"start":{"line":90,"column":16},"end":{"line":93,"column":9}},"line":90},"28":{"name":"(anonymous_28)","decl":{"start":{"line":94,"column":8},"end":{"line":94,"column":9}},"loc":{"start":{"line":94,"column":17},"end":{"line":97,"column":9}},"line":94},"29":{"name":"request","decl":{"start":{"line":101,"column":11},"end":{"line":101,"column":18}},"loc":{"start":{"line":101,"column":25},"end":{"line":101,"column":72}},"line":101},"30":{"name":"success","decl":{"start":{"line":102,"column":11},"end":{"line":102,"column":18}},"loc":{"start":{"line":102,"column":25},"end":{"line":102,"column":72}},"line":102},"31":{"name":"failure","decl":{"start":{"line":103,"column":11},"end":{"line":103,"column":18}},"loc":{"start":{"line":103,"column":26},"end":{"line":103,"column":74}},"line":103},"32":{"name":"(anonymous_32)","decl":{"start":{"line":106,"column":22},"end":{"line":106,"column":23}},"loc":{"start":{"line":106,"column":29},"end":{"line":106,"column":50}},"line":106},"33":{"name":"(anonymous_33)","decl":{"start":{"line":108,"column":25},"end":{"line":108,"column":26}},"loc":{"start":{"line":108,"column":36},"end":{"line":108,"column":71}},"line":108},"34":{"name":"(anonymous_34)","decl":{"start":{"line":110,"column":28},"end":{"line":110,"column":29}},"loc":{"start":{"line":110,"column":35},"end":{"line":110,"column":58}},"line":110},"35":{"name":"(anonymous_35)","decl":{"start":{"line":111,"column":26},"end":{"line":111,"column":27}},"loc":{"start":{"line":111,"column":33},"end":{"line":111,"column":54}},"line":111}},"branchMap":{},"s":{"0":1,"1":0,"2":0,"3":0,"4":0,"5":0,"6":0,"7":0,"8":0,"9":0,"10":1,"11":0,"12":0,"13":0,"14":0,"15":0,"16":0,"17":0,"18":0,"19":0,"20":1,"21":0,"22":0,"23":0,"24":0,"25":0,"26":0,"27":0,"28":0,"29":0,"30":1,"31":0,"32":0,"33":0,"34":0,"35":0,"36":0,"37":0,"38":0,"39":0,"40":0,"41":1,"42":0,"43":0,"44":0,"45":0,"46":0,"47":0,"48":0,"49":0,"50":0,"51":0,"52":1,"53":1,"54":1,"55":1,"56":1,"57":1,"58":1,"59":1},"f":{"0":0,"1":0,"2":0,"3":0,"4":0,"5":0,"6":0,"7":0,"8":0,"9":0,"10":0,"11":0,"12":0,"13":0,"14":0,"15":0,"16":0,"17":0,"18":0,"19":0,"20":0,"21":0,"22":0,"23":0,"24":0,"25":0,"26":0,"27":0,"28":0,"29":0,"30":0,"31":0,"32":1,"33":1,"34":1,"35":1},"b":{},"_coverageSchema":"332fd63041d2c1bcb487cc26dd0d5f7d97098a6c","hash":"fa584d7a5638d1a348d716c681f27db495008ba5"}
,"C:\\Study\\FrontCamp\\blogApp\\blogApp\\FrontCamp.blogApp.client\\src\\components\\Spinner.jsx": {"path":"C:\\Study\\FrontCamp\\blogApp\\blogApp\\FrontCamp.blogApp.client\\src\\components\\Spinner.jsx","statementMap":{"0":{"start":{"line":3,"column":16},"end":{"line":22,"column":1}},"1":{"start":{"line":4,"column":4},"end":{"line":21,"column":6}}},"fnMap":{"0":{"name":"(anonymous_0)","decl":{"start":{"line":3,"column":16},"end":{"line":3,"column":17}},"loc":{"start":{"line":3,"column":22},"end":{"line":22,"column":1}},"line":3}},"branchMap":{},"s":{"0":1,"1":1},"f":{"0":1},"b":{},"_coverageSchema":"332fd63041d2c1bcb487cc26dd0d5f7d97098a6c","hash":"d1688e4b5dc0870c508a81bc9c1ed72a39a8a0f6"}
,"C:\\Study\\FrontCamp\\blogApp\\blogApp\\FrontCamp.blogApp.client\\src\\reducers\\fetch.js": {"path":"C:\\Study\\FrontCamp\\blogApp\\blogApp\\FrontCamp.blogApp.client\\src\\reducers\\fetch.js","statementMap":{"0":{"start":{"line":1,"column":14},"end":{"line":10,"column":1}},"1":{"start":{"line":2,"column":2},"end":{"line":9,"column":3}},"2":{"start":{"line":4,"column":4},"end":{"line":4,"column":16}},"3":{"start":{"line":6,"column":4},"end":{"line":6,"column":17}},"4":{"start":{"line":8,"column":6},"end":{"line":8,"column":19}}},"fnMap":{"0":{"name":"(anonymous_0)","decl":{"start":{"line":1,"column":14},"end":{"line":1,"column":15}},"loc":{"start":{"line":1,"column":41},"end":{"line":10,"column":1}},"line":1}},"branchMap":{"0":{"loc":{"start":{"line":1,"column":15},"end":{"line":1,"column":28}},"type":"default-arg","locations":[{"start":{"line":1,"column":23},"end":{"line":1,"column":28}}],"line":1},"1":{"loc":{"start":{"line":2,"column":2},"end":{"line":9,"column":3}},"type":"switch","locations":[{"start":{"line":3,"column":4},"end":{"line":4,"column":16}},{"start":{"line":5,"column":4},"end":{"line":6,"column":17}},{"start":{"line":7,"column":4},"end":{"line":8,"column":19}}],"line":2}},"s":{"0":1,"1":3,"2":1,"3":1,"4":1},"f":{"0":3},"b":{"0":[1],"1":[1,1,1]},"_coverageSchema":"332fd63041d2c1bcb487cc26dd0d5f7d97098a6c","hash":"3604a59ee0a3d4329f069b05627034718c3ae3eb"}
,"C:\\Study\\FrontCamp\\blogApp\\blogApp\\FrontCamp.blogApp.client\\src\\reducers\\filter.js": {"path":"C:\\Study\\FrontCamp\\blogApp\\blogApp\\FrontCamp.blogApp.client\\src\\reducers\\filter.js","statementMap":{"0":{"start":{"line":1,"column":15},"end":{"line":8,"column":1}},"1":{"start":{"line":2,"column":2},"end":{"line":7,"column":3}},"2":{"start":{"line":4,"column":4},"end":{"line":4,"column":60}},"3":{"start":{"line":6,"column":6},"end":{"line":6,"column":19}}},"fnMap":{"0":{"name":"(anonymous_0)","decl":{"start":{"line":1,"column":15},"end":{"line":1,"column":16}},"loc":{"start":{"line":1,"column":39},"end":{"line":8,"column":1}},"line":1}},"branchMap":{"0":{"loc":{"start":{"line":1,"column":16},"end":{"line":1,"column":26}},"type":"default-arg","locations":[{"start":{"line":1,"column":24},"end":{"line":1,"column":26}}],"line":1},"1":{"loc":{"start":{"line":2,"column":2},"end":{"line":7,"column":3}},"type":"switch","locations":[{"start":{"line":3,"column":4},"end":{"line":4,"column":60}},{"start":{"line":5,"column":4},"end":{"line":6,"column":19}}],"line":2}},"s":{"0":1,"1":2,"2":1,"3":1},"f":{"0":2},"b":{"0":[1],"1":[1,1]},"_coverageSchema":"332fd63041d2c1bcb487cc26dd0d5f7d97098a6c","hash":"b39929ed15c81862faa4c088ab78a41f1b5bc7ac"}
,"C:\\Study\\FrontCamp\\blogApp\\blogApp\\FrontCamp.blogApp.client\\src\\reducers\\posts.js": {"path":"C:\\Study\\FrontCamp\\blogApp\\blogApp\\FrontCamp.blogApp.client\\src\\reducers\\posts.js","statementMap":{"0":{"start":{"line":1,"column":14},"end":{"line":19,"column":1}},"1":{"start":{"line":2,"column":2},"end":{"line":18,"column":3}},"2":{"start":{"line":4,"column":6},"end":{"line":4,"column":33}},"3":{"start":{"line":5,"column":6},"end":{"line":8,"column":8}},"4":{"start":{"line":11,"column":4},"end":{"line":13,"column":6}},"5":{"start":{"line":15,"column":6},"end":{"line":15,"column":56}},"6":{"start":{"line":15,"column":31},"end":{"line":15,"column":54}},"7":{"start":{"line":17,"column":6},"end":{"line":17,"column":19}}},"fnMap":{"0":{"name":"(anonymous_0)","decl":{"start":{"line":1,"column":14},"end":{"line":1,"column":15}},"loc":{"start":{"line":1,"column":38},"end":{"line":19,"column":1}},"line":1},"1":{"name":"(anonymous_1)","decl":{"start":{"line":15,"column":26},"end":{"line":15,"column":27}},"loc":{"start":{"line":15,"column":31},"end":{"line":15,"column":54}},"line":15}},"branchMap":{"0":{"loc":{"start":{"line":1,"column":15},"end":{"line":1,"column":25}},"type":"default-arg","locations":[{"start":{"line":1,"column":23},"end":{"line":1,"column":25}}],"line":1},"1":{"loc":{"start":{"line":2,"column":2},"end":{"line":18,"column":3}},"type":"switch","locations":[{"start":{"line":3,"column":4},"end":{"line":9,"column":5}},{"start":{"line":10,"column":4},"end":{"line":13,"column":6}},{"start":{"line":14,"column":4},"end":{"line":15,"column":56}},{"start":{"line":16,"column":4},"end":{"line":17,"column":19}}],"line":2}},"s":{"0":1,"1":4,"2":1,"3":1,"4":1,"5":1,"6":2,"7":1},"f":{"0":4,"1":2},"b":{"0":[1],"1":[1,1,1,1]},"_coverageSchema":"332fd63041d2c1bcb487cc26dd0d5f7d97098a6c","hash":"f99e816600e3dce1a9bb12e9d094414002e15cbe"}
,"C:\\Study\\FrontCamp\\blogApp\\blogApp\\FrontCamp.blogApp.client\\src\\reducers\\user.js": {"path":"C:\\Study\\FrontCamp\\blogApp\\blogApp\\FrontCamp.blogApp.client\\src\\reducers\\user.js","statementMap":{"0":{"start":{"line":1,"column":13},"end":{"line":45,"column":1}},"1":{"start":{"line":2,"column":2},"end":{"line":44,"column":3}},"2":{"start":{"line":4,"column":6},"end":{"line":6,"column":8}},"3":{"start":{"line":8,"column":6},"end":{"line":12,"column":8}},"4":{"start":{"line":14,"column":6},"end":{"line":18,"column":8}},"5":{"start":{"line":20,"column":6},"end":{"line":22,"column":8}},"6":{"start":{"line":24,"column":6},"end":{"line":29,"column":8}},"7":{"start":{"line":31,"column":6},"end":{"line":35,"column":8}},"8":{"start":{"line":37,"column":6},"end":{"line":41,"column":8}},"9":{"start":{"line":43,"column":6},"end":{"line":43,"column":19}}},"fnMap":{"0":{"name":"(anonymous_0)","decl":{"start":{"line":1,"column":13},"end":{"line":1,"column":14}},"loc":{"start":{"line":1,"column":37},"end":{"line":45,"column":1}},"line":1}},"branchMap":{"0":{"loc":{"start":{"line":1,"column":14},"end":{"line":1,"column":24}},"type":"default-arg","locations":[{"start":{"line":1,"column":22},"end":{"line":1,"column":24}}],"line":1},"1":{"loc":{"start":{"line":2,"column":2},"end":{"line":44,"column":3}},"type":"switch","locations":[{"start":{"line":3,"column":4},"end":{"line":6,"column":8}},{"start":{"line":7,"column":4},"end":{"line":12,"column":8}},{"start":{"line":13,"column":4},"end":{"line":18,"column":8}},{"start":{"line":19,"column":4},"end":{"line":22,"column":8}},{"start":{"line":23,"column":4},"end":{"line":29,"column":8}},{"start":{"line":30,"column":4},"end":{"line":35,"column":8}},{"start":{"line":36,"column":4},"end":{"line":41,"column":8}},{"start":{"line":42,"column":4},"end":{"line":43,"column":19}}],"line":2}},"s":{"0":1,"1":8,"2":1,"3":1,"4":1,"5":1,"6":1,"7":1,"8":1,"9":1},"f":{"0":8},"b":{"0":[1],"1":[1,1,1,1,1,1,1,1]},"_coverageSchema":"332fd63041d2c1bcb487cc26dd0d5f7d97098a6c","hash":"63403a8a6b24e508c980b265cf95b76a12f25ed2"}
,"C:\\Study\\FrontCamp\\blogApp\\blogApp\\FrontCamp.blogApp.client\\src\\services\\apiService.js": {"path":"C:\\Study\\FrontCamp\\blogApp\\blogApp\\FrontCamp.blogApp.client\\src\\services\\apiService.js","statementMap":{"0":{"start":{"line":3,"column":21},"end":{"line":10,"column":1}},"1":{"start":{"line":5,"column":4},"end":{"line":8,"column":7}},"2":{"start":{"line":5,"column":36},"end":{"line":5,"column":59}},"3":{"start":{"line":7,"column":6},"end":{"line":7,"column":37}},"4":{"start":{"line":12,"column":14},"end":{"line":12,"column":50}},"5":{"start":{"line":16,"column":4},"end":{"line":26,"column":9}},"6":{"start":{"line":23,"column":8},"end":{"line":23,"column":48}},"7":{"start":{"line":25,"column":8},"end":{"line":25,"column":26}},"8":{"start":{"line":30,"column":4},"end":{"line":35,"column":9}},"9":{"start":{"line":32,"column":8},"end":{"line":32,"column":48}},"10":{"start":{"line":34,"column":8},"end":{"line":34,"column":26}},"11":{"start":{"line":39,"column":4},"end":{"line":50,"column":9}},"12":{"start":{"line":49,"column":8},"end":{"line":49,"column":26}},"13":{"start":{"line":54,"column":4},"end":{"line":63,"column":9}},"14":{"start":{"line":61,"column":8},"end":{"line":61,"column":48}},"15":{"start":{"line":62,"column":8},"end":{"line":62,"column":19}},"16":{"start":{"line":67,"column":4},"end":{"line":76,"column":9}},"17":{"start":{"line":74,"column":8},"end":{"line":74,"column":48}},"18":{"start":{"line":75,"column":8},"end":{"line":75,"column":26}},"19":{"start":{"line":80,"column":4},"end":{"line":89,"column":9}},"20":{"start":{"line":87,"column":8},"end":{"line":87,"column":48}},"21":{"start":{"line":88,"column":8},"end":{"line":88,"column":26}},"22":{"start":{"line":93,"column":4},"end":{"line":95,"column":5}},"23":{"start":{"line":94,"column":6},"end":{"line":94,"column":50}}},"fnMap":{"0":{"name":"(anonymous_0)","decl":{"start":{"line":4,"column":9},"end":{"line":4,"column":10}},"loc":{"start":{"line":4,"column":49},"end":{"line":9,"column":3}},"line":4},"1":{"name":"(anonymous_1)","decl":{"start":{"line":5,"column":23},"end":{"line":5,"column":24}},"loc":{"start":{"line":5,"column":36},"end":{"line":5,"column":59}},"line":5},"2":{"name":"(anonymous_2)","decl":{"start":{"line":6,"column":10},"end":{"line":6,"column":11}},"loc":{"start":{"line":6,"column":16},"end":{"line":8,"column":5}},"line":6},"3":{"name":"(anonymous_3)","decl":{"start":{"line":15,"column":2},"end":{"line":15,"column":3}},"loc":{"start":{"line":15,"column":18},"end":{"line":27,"column":3}},"line":15},"4":{"name":"(anonymous_4)","decl":{"start":{"line":22,"column":12},"end":{"line":22,"column":13}},"loc":{"start":{"line":22,"column":19},"end":{"line":26,"column":7}},"line":22},"5":{"name":"(anonymous_5)","decl":{"start":{"line":29,"column":2},"end":{"line":29,"column":3}},"loc":{"start":{"line":29,"column":14},"end":{"line":36,"column":3}},"line":29},"6":{"name":"(anonymous_6)","decl":{"start":{"line":31,"column":12},"end":{"line":31,"column":13}},"loc":{"start":{"line":31,"column":19},"end":{"line":35,"column":7}},"line":31},"7":{"name":"(anonymous_7)","decl":{"start":{"line":38,"column":2},"end":{"line":38,"column":3}},"loc":{"start":{"line":38,"column":23},"end":{"line":51,"column":3}},"line":38},"8":{"name":"(anonymous_8)","decl":{"start":{"line":48,"column":12},"end":{"line":48,"column":13}},"loc":{"start":{"line":48,"column":19},"end":{"line":50,"column":7}},"line":48},"9":{"name":"(anonymous_9)","decl":{"start":{"line":53,"column":2},"end":{"line":53,"column":3}},"loc":{"start":{"line":53,"column":28},"end":{"line":64,"column":3}},"line":53},"10":{"name":"(anonymous_10)","decl":{"start":{"line":60,"column":14},"end":{"line":60,"column":15}},"loc":{"start":{"line":60,"column":23},"end":{"line":63,"column":7}},"line":60},"11":{"name":"(anonymous_11)","decl":{"start":{"line":66,"column":2},"end":{"line":66,"column":3}},"loc":{"start":{"line":66,"column":17},"end":{"line":77,"column":3}},"line":66},"12":{"name":"(anonymous_12)","decl":{"start":{"line":73,"column":12},"end":{"line":73,"column":13}},"loc":{"start":{"line":73,"column":19},"end":{"line":76,"column":7}},"line":73},"13":{"name":"(anonymous_13)","decl":{"start":{"line":79,"column":2},"end":{"line":79,"column":3}},"loc":{"start":{"line":79,"column":14},"end":{"line":90,"column":3}},"line":79},"14":{"name":"(anonymous_14)","decl":{"start":{"line":86,"column":12},"end":{"line":86,"column":13}},"loc":{"start":{"line":86,"column":19},"end":{"line":89,"column":7}},"line":86},"15":{"name":"(anonymous_15)","decl":{"start":{"line":92,"column":2},"end":{"line":92,"column":3}},"loc":{"start":{"line":92,"column":38},"end":{"line":96,"column":3}},"line":92}},"branchMap":{"0":{"loc":{"start":{"line":93,"column":4},"end":{"line":95,"column":5}},"type":"if","locations":[{"start":{"line":93,"column":4},"end":{"line":95,"column":5}},{"start":{"line":93,"column":4},"end":{"line":95,"column":5}}],"line":93}},"s":{"0":1,"1":0,"2":0,"3":0,"4":1,"5":0,"6":0,"7":0,"8":0,"9":0,"10":0,"11":0,"12":0,"13":0,"14":0,"15":0,"16":0,"17":0,"18":0,"19":0,"20":0,"21":0,"22":0,"23":0},"f":{"0":0,"1":0,"2":0,"3":0,"4":0,"5":0,"6":0,"7":0,"8":0,"9":0,"10":0,"11":0,"12":0,"13":0,"14":0,"15":0},"b":{"0":[0,0]},"_coverageSchema":"332fd63041d2c1bcb487cc26dd0d5f7d97098a6c","hash":"02d049b1f2be6033d804946294701c96b9323e64"}
}
