TN:
SF:C:\Study\FrontCamp\blogApp\blogApp\FrontCamp.blogApp.client\src\reducers\fetch.js
FN:1,(anonymous_0)
FNF:1
FNH:1
FNDA:3,(anonymous_0)
DA:1,1
DA:2,3
DA:4,1
DA:6,1
DA:8,1
LF:5
LH:5
BRDA:1,0,0,1
BRDA:2,1,0,1
BRDA:2,1,1,1
BRDA:2,1,2,1
BRF:4
BRH:4
end_of_record
TN:
SF:C:\Study\FrontCamp\blogApp\blogApp\FrontCamp.blogApp.client\src\reducers\filter.js
FN:1,(anonymous_0)
FNF:1
FNH:1
FNDA:2,(anonymous_0)
DA:1,1
DA:2,2
DA:4,1
DA:6,1
LF:4
LH:4
BRDA:1,0,0,1
BRDA:2,1,0,1
BRDA:2,1,1,1
BRF:3
BRH:3
end_of_record
TN:
SF:C:\Study\FrontCamp\blogApp\blogApp\FrontCamp.blogApp.client\src\reducers\posts.js
FN:1,(anonymous_0)
FN:15,(anonymous_1)
FNF:2
FNH:2
FNDA:4,(anonymous_0)
FNDA:2,(anonymous_1)
DA:1,1
DA:2,4
DA:4,1
DA:5,1
DA:11,1
DA:15,2
DA:17,1
LF:7
LH:7
BRDA:1,0,0,1
BRDA:2,1,0,1
BRDA:2,1,1,1
BRDA:2,1,2,1
BRDA:2,1,3,1
BRF:5
BRH:5
end_of_record
TN:
SF:C:\Study\FrontCamp\blogApp\blogApp\FrontCamp.blogApp.client\src\reducers\user.js
FN:1,(anonymous_0)
FNF:1
FNH:1
FNDA:8,(anonymous_0)
DA:1,1
DA:2,8
DA:4,1
DA:8,1
DA:14,1
DA:20,1
DA:24,1
DA:31,1
DA:37,1
DA:43,1
LF:10
LH:10
BRDA:1,0,0,1
BRDA:2,1,0,1
BRDA:2,1,1,1
BRDA:2,1,2,1
BRDA:2,1,3,1
BRDA:2,1,4,1
BRDA:2,1,5,1
BRDA:2,1,6,1
BRDA:2,1,7,1
BRF:9
BRH:9
end_of_record
