TN:
SF:C:\Study\FrontCamp\blogApp\blogApp\FrontCamp.blogApp.client\src\actions\index.js
FN:4,(anonymous_0)
FN:5,(anonymous_1)
FN:9,(anonymous_2)
FN:13,(anonymous_3)
FN:20,success
FN:21,failure
FN:24,(anonymous_6)
FN:25,(anonymous_7)
FN:29,(anonymous_8)
FN:33,(anonymous_9)
FN:40,success
FN:41,failure
FN:44,(anonymous_12)
FN:45,(anonymous_13)
FN:49,(anonymous_14)
FN:53,(anonymous_15)
FN:60,success
FN:61,failure
FN:64,(anonymous_18)
FN:65,(anonymous_19)
FN:69,(anonymous_20)
FN:73,(anonymous_21)
FN:79,request
FN:80,success
FN:81,failure
FN:85,(anonymous_25)
FN:86,(anonymous_26)
FN:90,(anonymous_27)
FN:94,(anonymous_28)
FN:101,request
FN:102,success
FN:103,failure
FN:106,(anonymous_32)
FN:108,(anonymous_33)
FN:110,(anonymous_34)
FN:111,(anonymous_35)
FNF:36
FNH:4
FNDA:0,(anonymous_0)
FNDA:0,(anonymous_1)
FNDA:0,(anonymous_2)
FNDA:0,(anonymous_3)
FNDA:0,success
FNDA:0,failure
FNDA:0,(anonymous_6)
FNDA:0,(anonymous_7)
FNDA:0,(anonymous_8)
FNDA:0,(anonymous_9)
FNDA:0,success
FNDA:0,failure
FNDA:0,(anonymous_12)
FNDA:0,(anonymous_13)
FNDA:0,(anonymous_14)
FNDA:0,(anonymous_15)
FNDA:0,success
FNDA:0,failure
FNDA:0,(anonymous_18)
FNDA:0,(anonymous_19)
FNDA:0,(anonymous_20)
FNDA:0,(anonymous_21)
FNDA:0,request
FNDA:0,success
FNDA:0,failure
FNDA:0,(anonymous_25)
FNDA:0,(anonymous_26)
FNDA:0,(anonymous_27)
FNDA:0,(anonymous_28)
FNDA:0,request
FNDA:0,success
FNDA:0,failure
FNDA:1,(anonymous_32)
FNDA:1,(anonymous_33)
FNDA:1,(anonymous_34)
FNDA:1,(anonymous_35)
DA:4,1
DA:5,0
DA:6,0
DA:7,0
DA:10,0
DA:11,0
DA:14,0
DA:15,0
DA:20,0
DA:21,0
DA:24,1
DA:25,0
DA:26,0
DA:27,0
DA:30,0
DA:31,0
DA:34,0
DA:35,0
DA:40,0
DA:41,0
DA:44,1
DA:45,0
DA:46,0
DA:47,0
DA:50,0
DA:51,0
DA:54,0
DA:55,0
DA:60,0
DA:61,0
DA:64,1
DA:65,0
DA:66,0
DA:67,0
DA:70,0
DA:71,0
DA:74,0
DA:75,0
DA:79,0
DA:80,0
DA:81,0
DA:85,1
DA:86,0
DA:87,0
DA:88,0
DA:91,0
DA:92,0
DA:95,0
DA:96,0
DA:101,0
DA:102,0
DA:103,0
DA:106,1
DA:108,1
DA:110,1
DA:111,1
LF:56
LH:9
BRF:0
BRH:0
end_of_record
TN:
SF:C:\Study\FrontCamp\blogApp\blogApp\FrontCamp.blogApp.client\src\components\Spinner.jsx
FN:3,(anonymous_0)
FNF:1
FNH:1
FNDA:1,(anonymous_0)
DA:3,1
DA:4,1
LF:2
LH:2
BRF:0
BRH:0
end_of_record
TN:
SF:C:\Study\FrontCamp\blogApp\blogApp\FrontCamp.blogApp.client\src\reducers\fetch.js
FN:1,(anonymous_0)
FNF:1
FNH:1
FNDA:3,(anonymous_0)
DA:1,1
DA:2,3
DA:4,1
DA:6,1
DA:8,1
LF:5
LH:5
BRDA:1,0,0,1
BRDA:2,1,0,1
BRDA:2,1,1,1
BRDA:2,1,2,1
BRF:4
BRH:4
end_of_record
TN:
SF:C:\Study\FrontCamp\blogApp\blogApp\FrontCamp.blogApp.client\src\reducers\filter.js
FN:1,(anonymous_0)
FNF:1
FNH:1
FNDA:2,(anonymous_0)
DA:1,1
DA:2,2
DA:4,1
DA:6,1
LF:4
LH:4
BRDA:1,0,0,1
BRDA:2,1,0,1
BRDA:2,1,1,1
BRF:3
BRH:3
end_of_record
TN:
SF:C:\Study\FrontCamp\blogApp\blogApp\FrontCamp.blogApp.client\src\reducers\posts.js
FN:1,(anonymous_0)
FN:15,(anonymous_1)
FNF:2
FNH:2
FNDA:4,(anonymous_0)
FNDA:2,(anonymous_1)
DA:1,1
DA:2,4
DA:4,1
DA:5,1
DA:11,1
DA:15,2
DA:17,1
LF:7
LH:7
BRDA:1,0,0,1
BRDA:2,1,0,1
BRDA:2,1,1,1
BRDA:2,1,2,1
BRDA:2,1,3,1
BRF:5
BRH:5
end_of_record
TN:
SF:C:\Study\FrontCamp\blogApp\blogApp\FrontCamp.blogApp.client\src\reducers\user.js
FN:1,(anonymous_0)
FNF:1
FNH:1
FNDA:8,(anonymous_0)
DA:1,1
DA:2,8
DA:4,1
DA:8,1
DA:14,1
DA:20,1
DA:24,1
DA:31,1
DA:37,1
DA:43,1
LF:10
LH:10
BRDA:1,0,0,1
BRDA:2,1,0,1
BRDA:2,1,1,1
BRDA:2,1,2,1
BRDA:2,1,3,1
BRDA:2,1,4,1
BRDA:2,1,5,1
BRDA:2,1,6,1
BRDA:2,1,7,1
BRF:9
BRH:9
end_of_record
TN:
SF:C:\Study\FrontCamp\blogApp\blogApp\FrontCamp.blogApp.client\src\services\apiService.js
FN:4,(anonymous_0)
FN:5,(anonymous_1)
FN:6,(anonymous_2)
FN:15,(anonymous_3)
FN:22,(anonymous_4)
FN:29,(anonymous_5)
FN:31,(anonymous_6)
FN:38,(anonymous_7)
FN:48,(anonymous_8)
FN:53,(anonymous_9)
FN:60,(anonymous_10)
FN:66,(anonymous_11)
FN:73,(anonymous_12)
FN:79,(anonymous_13)
FN:86,(anonymous_14)
FN:92,(anonymous_15)
FNF:16
FNH:0
FNDA:0,(anonymous_0)
FNDA:0,(anonymous_1)
FNDA:0,(anonymous_2)
FNDA:0,(anonymous_3)
FNDA:0,(anonymous_4)
FNDA:0,(anonymous_5)
FNDA:0,(anonymous_6)
FNDA:0,(anonymous_7)
FNDA:0,(anonymous_8)
FNDA:0,(anonymous_9)
FNDA:0,(anonymous_10)
FNDA:0,(anonymous_11)
FNDA:0,(anonymous_12)
FNDA:0,(anonymous_13)
FNDA:0,(anonymous_14)
FNDA:0,(anonymous_15)
DA:3,1
DA:5,0
DA:7,0
DA:12,1
DA:16,0
DA:23,0
DA:25,0
DA:30,0
DA:32,0
DA:34,0
DA:39,0
DA:49,0
DA:54,0
DA:61,0
DA:62,0
DA:67,0
DA:74,0
DA:75,0
DA:80,0
DA:87,0
DA:88,0
DA:93,0
DA:94,0
LF:23
LH:2
BRDA:93,0,0,0
BRDA:93,0,1,0
BRF:2
BRH:0
end_of_record
